<?xml version="1.0" encoding="UTF-8"?>
<!-- Generated by org.testng.reporters.JUnitXMLReporter -->
<testsuite ignored="0" hostname="LAPTOP-57CST924" failures="0" tests="1" name="Test" time="0.025" errors="0" timestamp="2022-09-05T13:10:46 EDT">
  <testcase classname="com.usa.crossBrowserTesting.CrossBrowserTesting" name="@BeforeTest setUp" time="-1.662397846945E9">
    <failure type="org.testng.TestNGException" message="
Parameter &amp;apos;browser&amp;apos; is required by BeforeTest on method setUp but has not been marked @Optional or defined
in C:\Users\Owner\eclipse-workspace\Selenium_Start\crossbrowsertestng.xml">
      <![CDATA[org.testng.TestNGException: 
Parameter 'browser' is required by BeforeTest on method setUp but has not been marked @Optional or defined
in C:\Users\Owner\eclipse-workspace\Selenium_Start\crossbrowsertestng.xml
... Removed 21 stack frames]]>
    </failure>
  </testcase> <!-- @BeforeTest setUp -->
  <testcase classname="com.usa.crossBrowserTesting.CrossBrowserTesting" name="testxml" time="0.0">
    <skipped/>
  </testcase> <!-- testxml -->
</testsuite> <!-- Test -->
